<?xml version="1.0" encoding="UTF-8" ?>
<testsuite tests="1" failures="0" name="ch.ilv.crm.test.web.CreateProductTest" time="4.771" errors="0" skipped="0">
  <properties>
    <property name="java.runtime.name" value="OpenJDK Runtime Environment"/>
    <property name="java.vm.version" value="11.0.2+9"/>
    <property name="sun.boot.library.path" value="C:\emmenegger\Dev-Tools\openjdk_11.0.2\jdk-11.0.2\bin"/>
    <property name="maven.multiModuleProjectDirectory" value="C:\emmenegger\Development\git_repos_knw\mvn-m154-crm-web_repo\mvn-m154-crm-web"/>
    <property name="java.vm.vendor" value="Oracle Corporation"/>
    <property name="java.vendor.url" value="http://java.oracle.com/"/>
    <property name="guice.disable.misplaced.annotation.check" value="true"/>
    <property name="path.separator" value=";"/>
    <property name="java.vm.name" value="OpenJDK 64-Bit Server VM"/>
    <property name="sun.os.patch.level" value=""/>
    <property name="user.script" value=""/>
    <property name="user.country" value="CH"/>
    <property name="sun.java.launcher" value="SUN_STANDARD"/>
    <property name="java.vm.specification.name" value="Java Virtual Machine Specification"/>
    <property name="user.dir" value="C:\emmenegger\Development\git_repos_knw\mvn-m154-crm-web_repo\mvn-m154-crm-web"/>
    <property name="java.vm.compressedOopsMode" value="Zero based"/>
    <property name="java.runtime.version" value="11.0.2+9"/>
    <property name="java.awt.graphicsenv" value="sun.awt.Win32GraphicsEnvironment"/>
    <property name="os.arch" value="amd64"/>
    <property name="java.io.tmpdir" value="C:\Users\WS106\AppData\Local\Temp\"/>
    <property name="line.separator" value="
"/>
    <property name="java.vm.specification.vendor" value="Oracle Corporation"/>
    <property name="user.variant" value=""/>
    <property name="os.name" value="Windows 10"/>
    <property name="classworlds.conf" value="C:\emmenegger\Development\workspace_M154_knw\.metadata\.plugins\org.eclipse.m2e.launching\launches\m2conf5911340318090780377.tmp"/>
    <property name="sun.jnu.encoding" value="Cp1252"/>
    <property name="java.library.path" value="C:\emmenegger\Dev-Tools\openjdk_11.0.2\jdk-11.0.2\bin;C:\Windows\Sun\Java\bin;C:\Windows\system32;C:\Windows;C:/emmenegger/Dev-Tools/openjdk_11.0.2/jdk-11.0.2/bin/server;C:/emmenegger/Dev-Tools/openjdk_11.0.2/jdk-11.0.2/bin;C:\ProgramData\DockerDesktop\version-bin;C:\Program Files\Docker\Docker\Resources\bin;C:\Windows\system32;C:\Windows;C:\Windows\System32\Wbem;C:\Windows\System32\WindowsPowerShell\v1.0\;C:\emmenegger\Dev-Tools\openjdk_11.0.2\jdk-11.0.2\bin;C:\emmenegger\Dev-Tools\Git_2.2.1.0\cmd;C:\emmenegger\Dev-Tools\maven_3.6.1\bin;C:\Users\WS106\AppData\Local\Microsoft\WindowsApps;C:\emmenegger\Dev-Tools\maven_3.6.1\bin;C:\emmenegger\Dev-Tools\openjdk_11.0.2\jdk-11.0.2\bin;;C:\emmenegger\Dev-Tools\eclipse_4.11;;."/>
    <property name="jdk.debug" value="release"/>
    <property name="java.class.version" value="55.0"/>
    <property name="java.specification.name" value="Java Platform API Specification"/>
    <property name="sun.management.compiler" value="HotSpot 64-Bit Tiered Compilers"/>
    <property name="os.version" value="10.0"/>
    <property name="user.home" value="C:\Users\WS106"/>
    <property name="user.timezone" value="Europe/Berlin"/>
    <property name="java.awt.printerjob" value="sun.awt.windows.WPrinterJob"/>
    <property name="file.encoding" value="Cp1252"/>
    <property name="java.specification.version" value="11"/>
    <property name="user.name" value="WS106"/>
    <property name="java.class.path" value="C:\emmenegger\Dev-Tools\eclipse_4.11\plugins\org.eclipse.m2e.maven.runtime_1.11.0.20190220-2117\jars\plexus-classworlds-2.5.2.jar"/>
    <property name="java.vm.specification.version" value="11"/>
    <property name="sun.arch.data.model" value="64"/>
    <property name="sun.java.command" value="org.codehaus.plexus.classworlds.launcher.Launcher -B install"/>
    <property name="java.home" value="C:\emmenegger\Dev-Tools\openjdk_11.0.2\jdk-11.0.2"/>
    <property name="user.language" value="de"/>
    <property name="java.specification.vendor" value="Oracle Corporation"/>
    <property name="awt.toolkit" value="sun.awt.windows.WToolkit"/>
    <property name="java.vm.info" value="mixed mode"/>
    <property name="java.version" value="11.0.2"/>
    <property name="java.vendor" value="Oracle Corporation"/>
    <property name="maven.home" value="C:\emmenegger\Development\git_repos_knw\mvn-m154-crm-web_repo\mvn-m154-crm-web\EMBEDDED"/>
    <property name="file.separator" value="\"/>
    <property name="java.version.date" value="2019-01-15"/>
    <property name="java.vendor.url.bug" value="http://bugreport.java.com/bugreport/"/>
    <property name="sun.io.unicode.encoding" value="UnicodeLittle"/>
    <property name="sun.cpu.endian" value="little"/>
    <property name="java.vendor.version" value="18.9"/>
    <property name="sun.desktop" value="windows"/>
    <property name="sun.cpu.isalist" value="amd64"/>
  </properties>
  <testcase classname="ch.ilv.crm.test.web.CreateProductTest" name="CreatePruductTest" time="4.771"/>
</testsuite>